Build started 8/10/2016 6:05:25 PM.
     1>Project "D:\yun\kb_FPGA_c_pcb_m_all\Visual Studio 2013\huaweiTest\21.去除最少的字符\21.去除最少的字符.vcxproj" on node 2 (Build target(s)).
     1>ClCompile:
         F:\Microsoft Visual Studio 12.0\VC\bin\CL.exe /c /ZI /nologo /W3 /WX- /sdl /Od /Oy- /D WIN32 /D _DEBUG /D _CONSOLE /D _LIB /D _UNICODE /D UNICODE /Gm /EHsc /RTC1 /MDd /GS /fp:precise /Zc:wchar_t /Zc:forScope /Fo"Debug\\" /Fd"Debug\vc120.pdb" /Gd /TP /analyze- /errorReport:prompt "1.别人方法.cpp" Source.cpp
         Source.cpp
         1.别人方法.cpp
     1>d:\yun\kb_fpga_c_pcb_m_all\visual studio 2013\huaweitest\21.去除最少的字符\1.别人方法.cpp(15): warning C4258: 'i' : definition from the for loop is ignored; the definition from the enclosing scope is used
                 d:\yun\kb_fpga_c_pcb_m_all\visual studio 2013\huaweitest\21.去除最少的字符\1.别人方法.cpp(11) : definition of 'i' ignored
                 d:\yun\kb_fpga_c_pcb_m_all\visual studio 2013\huaweitest\21.去除最少的字符\1.别人方法.cpp(6) : definition of 'i' used
     1>d:\yun\kb_fpga_c_pcb_m_all\visual studio 2013\huaweitest\21.去除最少的字符\1.别人方法.cpp(16): warning C4258: 'i' : definition from the for loop is ignored; the definition from the enclosing scope is used
                 d:\yun\kb_fpga_c_pcb_m_all\visual studio 2013\huaweitest\21.去除最少的字符\1.别人方法.cpp(11) : definition of 'i' ignored
                 d:\yun\kb_fpga_c_pcb_m_all\visual studio 2013\huaweitest\21.去除最少的字符\1.别人方法.cpp(6) : definition of 'i' used
     1>d:\yun\kb_fpga_c_pcb_m_all\visual studio 2013\huaweitest\21.去除最少的字符\1.别人方法.cpp(18): warning C4258: 'i' : definition from the for loop is ignored; the definition from the enclosing scope is used
                 d:\yun\kb_fpga_c_pcb_m_all\visual studio 2013\huaweitest\21.去除最少的字符\1.别人方法.cpp(11) : definition of 'i' ignored
                 d:\yun\kb_fpga_c_pcb_m_all\visual studio 2013\huaweitest\21.去除最少的字符\1.别人方法.cpp(6) : definition of 'i' used
     1>d:\yun\kb_fpga_c_pcb_m_all\visual studio 2013\huaweitest\21.去除最少的字符\1.别人方法.cpp(19): warning C4258: 'i' : definition from the for loop is ignored; the definition from the enclosing scope is used
                 d:\yun\kb_fpga_c_pcb_m_all\visual studio 2013\huaweitest\21.去除最少的字符\1.别人方法.cpp(11) : definition of 'i' ignored
                 d:\yun\kb_fpga_c_pcb_m_all\visual studio 2013\huaweitest\21.去除最少的字符\1.别人方法.cpp(6) : definition of 'i' used
     1>d:\yun\kb_fpga_c_pcb_m_all\visual studio 2013\huaweitest\21.去除最少的字符\1.别人方法.cpp(20): warning C4258: 'i' : definition from the for loop is ignored; the definition from the enclosing scope is used
                 d:\yun\kb_fpga_c_pcb_m_all\visual studio 2013\huaweitest\21.去除最少的字符\1.别人方法.cpp(11) : definition of 'i' ignored
                 d:\yun\kb_fpga_c_pcb_m_all\visual studio 2013\huaweitest\21.去除最少的字符\1.别人方法.cpp(6) : definition of 'i' used
     1>d:\yun\kb_fpga_c_pcb_m_all\visual studio 2013\huaweitest\21.去除最少的字符\1.别人方法.cpp(21): warning C4258: 'i' : definition from the for loop is ignored; the definition from the enclosing scope is used
                 d:\yun\kb_fpga_c_pcb_m_all\visual studio 2013\huaweitest\21.去除最少的字符\1.别人方法.cpp(11) : definition of 'i' ignored
                 d:\yun\kb_fpga_c_pcb_m_all\visual studio 2013\huaweitest\21.去除最少的字符\1.别人方法.cpp(6) : definition of 'i' used
     1>d:\yun\kb_fpga_c_pcb_m_all\visual studio 2013\huaweitest\21.去除最少的字符\1.别人方法.cpp(22): warning C4258: 'i' : definition from the for loop is ignored; the definition from the enclosing scope is used
                 d:\yun\kb_fpga_c_pcb_m_all\visual studio 2013\huaweitest\21.去除最少的字符\1.别人方法.cpp(11) : definition of 'i' ignored
                 d:\yun\kb_fpga_c_pcb_m_all\visual studio 2013\huaweitest\21.去除最少的字符\1.别人方法.cpp(6) : definition of 'i' used
     1>d:\yun\kb_fpga_c_pcb_m_all\visual studio 2013\huaweitest\21.去除最少的字符\1.别人方法.cpp(23): warning C4258: 'i' : definition from the for loop is ignored; the definition from the enclosing scope is used
                 d:\yun\kb_fpga_c_pcb_m_all\visual studio 2013\huaweitest\21.去除最少的字符\1.别人方法.cpp(11) : definition of 'i' ignored
                 d:\yun\kb_fpga_c_pcb_m_all\visual studio 2013\huaweitest\21.去除最少的字符\1.别人方法.cpp(6) : definition of 'i' used
         Generating Code...
       Link:
         F:\Microsoft Visual Studio 12.0\VC\bin\link.exe /ERRORREPORT:PROMPT /OUT:"D:\yun\kb_FPGA_c_pcb_m_all\Visual Studio 2013\huaweiTest\Debug\21.去除最少的字符.exe" /INCREMENTAL /NOLOGO kernel32.lib user32.lib gdi32.lib winspool.lib comdlg32.lib advapi32.lib shell32.lib ole32.lib oleaut32.lib uuid.lib odbc32.lib odbccp32.lib /MANIFEST /MANIFESTUAC:"level='asInvoker' uiAccess='false'" /manifest:embed /DEBUG /PDB:"D:\yun\kb_FPGA_c_pcb_m_all\Visual Studio 2013\huaweiTest\Debug\21.去除最少的字符.pdb" /SUBSYSTEM:CONSOLE /TLBID:1 /DYNAMICBASE /NXCOMPAT /IMPLIB:"D:\yun\kb_FPGA_c_pcb_m_all\Visual Studio 2013\huaweiTest\Debug\21.去除最少的字符.lib" /MACHINE:X86 "Debug\1.别人方法.obj"
         Debug\Source.obj
         21.去除最少的字符.vcxproj -> D:\yun\kb_FPGA_c_pcb_m_all\Visual Studio 2013\huaweiTest\Debug\21.去除最少的字符.exe
     1>Done Building Project "D:\yun\kb_FPGA_c_pcb_m_all\Visual Studio 2013\huaweiTest\21.去除最少的字符\21.去除最少的字符.vcxproj" (Build target(s)).

Build succeeded.

Time Elapsed 00:00:06.28
